Determining if the function pcap_get_pfring_id exists failed with the following output:
Change Dir: /home/allen/CLionProjects/Net/cmake-build-debug/CMakeFiles/CMakeTmp

Run Build Command(s):/usr/bin/make cmTC_cc19d/fast && /usr/bin/make  -f CMakeFiles/cmTC_cc19d.dir/build.make CMakeFiles/cmTC_cc19d.dir/build
make[1]: Entering directory '/home/allen/CLionProjects/Net/cmake-build-debug/CMakeFiles/CMakeTmp'
Building C object CMakeFiles/cmTC_cc19d.dir/CheckFunctionExists.c.o
/usr/bin/clang   -DCHECK_FUNCTION_EXISTS=pcap_get_pfring_id   -o CMakeFiles/cmTC_cc19d.dir/CheckFunctionExists.c.o   -c /home/allen/.local/share/JetBrains/Toolbox/apps/CLion/ch-0/202.7319.72/bin/cmake/linux/share/cmake-3.17/Modules/CheckFunctionExists.c
Linking C executable cmTC_cc19d
/home/allen/.local/share/JetBrains/Toolbox/apps/CLion/ch-0/202.7319.72/bin/cmake/linux/bin/cmake -E cmake_link_script CMakeFiles/cmTC_cc19d.dir/link.txt --verbose=1
/usr/bin/clang  -DCHECK_FUNCTION_EXISTS=pcap_get_pfring_id    CMakeFiles/cmTC_cc19d.dir/CheckFunctionExists.c.o  -o cmTC_cc19d  /usr/lib/x86_64-linux-gnu/libpcap.so 
/usr/bin/ld: CMakeFiles/cmTC_cc19d.dir/CheckFunctionExists.c.o: in function `main':
CheckFunctionExists.c:(.text+0x17): undefined reference to `pcap_get_pfring_id'
clang: error: linker command failed with exit code 1 (use -v to see invocation)
make[1]: *** [CMakeFiles/cmTC_cc19d.dir/build.make:108: cmTC_cc19d] Error 1
make[1]: Leaving directory '/home/allen/CLionProjects/Net/cmake-build-debug/CMakeFiles/CMakeTmp'
make: *** [Makefile:141: cmTC_cc19d/fast] Error 2



Performing C SOURCE FILE Test CMAKE_HAVE_LIBC_PTHREAD failed with the following output:
Change Dir: /home/allen/CLionProjects/Net/cmake-build-debug/CMakeFiles/CMakeTmp

Run Build Command(s):/usr/bin/make cmTC_0b1d3/fast && /usr/bin/make  -f CMakeFiles/cmTC_0b1d3.dir/build.make CMakeFiles/cmTC_0b1d3.dir/build
make[1]: Entering directory '/home/allen/CLionProjects/Net/cmake-build-debug/CMakeFiles/CMakeTmp'
Building C object CMakeFiles/cmTC_0b1d3.dir/src.c.o
/usr/bin/clang   -DCMAKE_HAVE_LIBC_PTHREAD   -o CMakeFiles/cmTC_0b1d3.dir/src.c.o   -c /home/allen/CLionProjects/Net/cmake-build-debug/CMakeFiles/CMakeTmp/src.c
Linking C executable cmTC_0b1d3
/home/allen/.local/share/JetBrains/Toolbox/apps/CLion/ch-0/202.7319.72/bin/cmake/linux/bin/cmake -E cmake_link_script CMakeFiles/cmTC_0b1d3.dir/link.txt --verbose=1
/usr/bin/clang  -DCMAKE_HAVE_LIBC_PTHREAD    CMakeFiles/cmTC_0b1d3.dir/src.c.o  -o cmTC_0b1d3 
/usr/bin/ld: CMakeFiles/cmTC_0b1d3.dir/src.c.o: in function `main':
src.c:(.text+0x35): undefined reference to `pthread_create'
/usr/bin/ld: src.c:(.text+0x41): undefined reference to `pthread_detach'
/usr/bin/ld: src.c:(.text+0x4d): undefined reference to `pthread_cancel'
/usr/bin/ld: src.c:(.text+0x5f): undefined reference to `pthread_join'
clang: error: linker command failed with exit code 1 (use -v to see invocation)
make[1]: *** [CMakeFiles/cmTC_0b1d3.dir/build.make:107: cmTC_0b1d3] Error 1
make[1]: Leaving directory '/home/allen/CLionProjects/Net/cmake-build-debug/CMakeFiles/CMakeTmp'
make: *** [Makefile:141: cmTC_0b1d3/fast] Error 2


Source file was:
#include <pthread.h>

void* test_func(void* data)
{
  return data;
}

int main(void)
{
  pthread_t thread;
  pthread_create(&thread, NULL, test_func, NULL);
  pthread_detach(thread);
  pthread_cancel(thread);
  pthread_join(thread, NULL);
  pthread_atfork(NULL, NULL, NULL);
  pthread_exit(NULL);

  return 0;
}

Determining if the function pthread_create exists in the pthreads failed with the following output:
Change Dir: /home/allen/CLionProjects/Net/cmake-build-debug/CMakeFiles/CMakeTmp

Run Build Command(s):/usr/bin/make cmTC_1873d/fast && /usr/bin/make  -f CMakeFiles/cmTC_1873d.dir/build.make CMakeFiles/cmTC_1873d.dir/build
make[1]: Entering directory '/home/allen/CLionProjects/Net/cmake-build-debug/CMakeFiles/CMakeTmp'
Building C object CMakeFiles/cmTC_1873d.dir/CheckFunctionExists.c.o
/usr/bin/clang   -DCHECK_FUNCTION_EXISTS=pthread_create   -o CMakeFiles/cmTC_1873d.dir/CheckFunctionExists.c.o   -c /home/allen/.local/share/JetBrains/Toolbox/apps/CLion/ch-0/202.7319.72/bin/cmake/linux/share/cmake-3.17/Modules/CheckFunctionExists.c
Linking C executable cmTC_1873d
/home/allen/.local/share/JetBrains/Toolbox/apps/CLion/ch-0/202.7319.72/bin/cmake/linux/bin/cmake -E cmake_link_script CMakeFiles/cmTC_1873d.dir/link.txt --verbose=1
/usr/bin/clang  -DCHECK_FUNCTION_EXISTS=pthread_create    -rdynamic CMakeFiles/cmTC_1873d.dir/CheckFunctionExists.c.o  -o cmTC_1873d  -lpthreads 
/usr/bin/ld: cannot find -lpthreads
clang: error: linker command failed with exit code 1 (use -v to see invocation)
make[1]: *** [CMakeFiles/cmTC_1873d.dir/build.make:107: cmTC_1873d] Error 1
make[1]: Leaving directory '/home/allen/CLionProjects/Net/cmake-build-debug/CMakeFiles/CMakeTmp'
make: *** [Makefile:141: cmTC_1873d/fast] Error 2



